Thu Apr 02 19:01:34 CEST 2020 : Servidor de red Apache Derby: Se ha iniciado 10.10.2.0 - (1582446) y está listo para aceptar las conexiones en el puerto 1527
----------------------------------------------------------------
Thu Apr 02 19:01:34 CEST 2020:
 Iniciando instancia a816c00e-0171-3bd7-3efd-ffff94199d3e de Derby, versión The Apache Software Foundation - Apache Derby - 10.10.2.0 - (1582446): 
en el directorio de base de datos D:\UNIVERSIDAD\Sistemas de Información para Internet\NetBeansProjects\Proyecto\CDI\cdiDatabase\cdi con el cargador de clases sun.misc.Launcher$AppClassLoader@1d44bcfa
Cargado desde file:/D:/Program%20Files/glassfish-4.1.1/javadb/lib/derby.jar
java.vendor=Oracle Corporation
java.runtime.version=1.8.0_241-b07
user.dir=D:\Program Files\glassfish-4.1.1\javadb
os.name=Windows 10
os.arch=amd64
os.version=10.0
derby.system.home=D:\UNIVERSIDAD\Sistemas de Información para Internet\NetBeansProjects\Proyecto\CDI\cdiDatabase
Cargador de clases de base de datos iniciado - derby.database.classpath=''
----------------------------------------------------------------
Thu Apr 02 19:01:44 CEST 2020:
Cerrando la instancia a816c00e-0171-3bd7-3efd-ffff94199d3e en el directorio de base de datos D:\UNIVERSIDAD\Sistemas de Información para Internet\NetBeansProjects\Proyecto\CDI\cdiDatabase\cdi con cargador de clases sun.misc.Launcher$AppClassLoader@1d44bcfa
Thu Apr 02 19:01:44 CEST 2020 Thread[DRDAConnThread_3,5,main] (DATABASE = cdi), (DRDAID = {2}), Cierre de la base de datos 'cdi'.
----------------------------------------------------------------
Thu Apr 02 19:02:16 CEST 2020:
 Iniciando instancia 560740aa-0171-3bd7-3efd-ffff94199d3e de Derby, versión The Apache Software Foundation - Apache Derby - 10.10.2.0 - (1582446): 
en el directorio de base de datos D:\UNIVERSIDAD\Sistemas de Información para Internet\NetBeansProjects\Proyecto\CDI\cdiDatabase\cdi con el cargador de clases sun.misc.Launcher$AppClassLoader@1d44bcfa
Cargado desde file:/D:/Program%20Files/glassfish-4.1.1/javadb/lib/derby.jar
java.vendor=Oracle Corporation
java.runtime.version=1.8.0_241-b07
user.dir=D:\Program Files\glassfish-4.1.1\javadb
os.name=Windows 10
os.arch=amd64
os.version=10.0
derby.system.home=D:\UNIVERSIDAD\Sistemas de Información para Internet\NetBeansProjects\Proyecto\CDI\cdiDatabase
Cargador de clases de base de datos iniciado - derby.database.classpath=''
----------------------------------------------------------------
Thu Apr 02 19:16:04 CEST 2020:
 Iniciando instancia fdab40f7-0171-3bd7-3efd-ffff94199d3e de Derby, versión The Apache Software Foundation - Apache Derby - 10.10.2.0 - (1582446): 
en el directorio de base de datos D:\UNIVERSIDAD\Sistemas de Información para Internet\NetBeansProjects\Proyecto\CDI\cdiDatabase\cdiDatabase con el cargador de clases sun.misc.Launcher$AppClassLoader@1d44bcfa
Cargado desde file:/D:/Program%20Files/glassfish-4.1.1/javadb/lib/derby.jar
java.vendor=Oracle Corporation
java.runtime.version=1.8.0_241-b07
user.dir=D:\Program Files\glassfish-4.1.1\javadb
os.name=Windows 10
os.arch=amd64
os.version=10.0
derby.system.home=D:\UNIVERSIDAD\Sistemas de Información para Internet\NetBeansProjects\Proyecto\CDI\cdiDatabase
Cargador de clases de base de datos iniciado - derby.database.classpath=''
----------------------------------------------------------------
Thu Apr 02 19:16:10 CEST 2020:
Cerrando la instancia fdab40f7-0171-3bd7-3efd-ffff94199d3e en el directorio de base de datos D:\UNIVERSIDAD\Sistemas de Información para Internet\NetBeansProjects\Proyecto\CDI\cdiDatabase\cdiDatabase con cargador de clases sun.misc.Launcher$AppClassLoader@1d44bcfa
Thu Apr 02 19:16:10 CEST 2020 Thread[DRDAConnThread_2,5,main] (DATABASE = cdiDatabase), (DRDAID = {6}), Cierre de la base de datos 'cdiDatabase'.
----------------------------------------------------------------
Thu Apr 02 19:16:15 CEST 2020:
 Iniciando instancia ef1ac193-0171-3bd7-3efd-ffff94199d3e de Derby, versión The Apache Software Foundation - Apache Derby - 10.10.2.0 - (1582446): 
en el directorio de base de datos D:\UNIVERSIDAD\Sistemas de Información para Internet\NetBeansProjects\Proyecto\CDI\cdiDatabase\cdiDatabase con el cargador de clases sun.misc.Launcher$AppClassLoader@1d44bcfa
Cargado desde file:/D:/Program%20Files/glassfish-4.1.1/javadb/lib/derby.jar
java.vendor=Oracle Corporation
java.runtime.version=1.8.0_241-b07
user.dir=D:\Program Files\glassfish-4.1.1\javadb
os.name=Windows 10
os.arch=amd64
os.version=10.0
derby.system.home=D:\UNIVERSIDAD\Sistemas de Información para Internet\NetBeansProjects\Proyecto\CDI\cdiDatabase
Cargador de clases de base de datos iniciado - derby.database.classpath=''
----------------------------------------------------------------
Thu Apr 02 19:20:18 CEST 2020:
Cerrando la instancia ef1ac193-0171-3bd7-3efd-ffff94199d3e en el directorio de base de datos D:\UNIVERSIDAD\Sistemas de Información para Internet\NetBeansProjects\Proyecto\CDI\cdiDatabase\cdiDatabase con cargador de clases sun.misc.Launcher$AppClassLoader@1d44bcfa
Thu Apr 02 19:20:18 CEST 2020 Thread[DRDAConnThread_4,5,main] (DATABASE = cdiDatabase), (DRDAID = {10}), Cierre de la base de datos 'cdiDatabase'.
